Flow report for Voltmeter
Fri Dec 03 00:03:47 2021
Quartus Prime Version 20.1.1 Build 720 11/11/2020 SJ Lite Edition


---------------------
; Table of Contents ;
---------------------
  1. Legal Notice
  2. Flow Summary
  3. Flow Settings
  4. Flow Non-Default Global Settings
  5. Flow Elapsed Time
  6. Flow OS Summary
  7. Flow Log
  8. Flow Messages
  9. Flow Suppressed Messages



----------------
; Legal Notice ;
----------------
Copyright (C) 2020  Intel Corporation. All rights reserved.
Your use of Intel Corporation's design tools, logic functions 
and other software and tools, and any partner logic 
functions, and any output files from any of the foregoing 
(including device programming or simulation files), and any 
associated documentation or information are expressly subject 
to the terms and conditions of the Intel Program License 
Subscription Agreement, the Intel Quartus Prime License Agreement,
the Intel FPGA IP License Agreement, or other applicable license
agreement, including, without limitation, that your use is for
the sole purpose of programming logic devices manufactured by
Intel and sold by Intel or its authorized distributors.  Please
refer to the applicable agreement for further details, at
https://fpgasoftware.intel.com/eula.



+----------------------------------------------------------------------------------+
; Flow Summary                                                                     ;
+------------------------------------+---------------------------------------------+
; Flow Status                        ; Successful - Fri Dec 03 00:03:40 2021       ;
; Quartus Prime Version              ; 20.1.1 Build 720 11/11/2020 SJ Lite Edition ;
; Revision Name                      ; Voltmeter                                   ;
; Top-level Entity Name              ; Voltmeter                                   ;
; Family                             ; MAX 10                                      ;
; Device                             ; 10M50DAF484C7G                              ;
; Timing Models                      ; Final                                       ;
; Total logic elements               ; 4,487 / 49,760 ( 9 % )                      ;
;     Total combinational functions  ; 4,367 / 49,760 ( 9 % )                      ;
;     Dedicated logic registers      ; 427 / 49,760 ( < 1 % )                      ;
; Total registers                    ; 427                                         ;
; Total pins                         ; 85 / 360 ( 24 % )                           ;
; Total virtual pins                 ; 0                                           ;
; Total memory bits                  ; 0 / 1,677,312 ( 0 % )                       ;
; Embedded Multiplier 9-bit elements ; 0 / 288 ( 0 % )                             ;
; Total PLLs                         ; 1 / 4 ( 25 % )                              ;
; UFM blocks                         ; 0 / 1 ( 0 % )                               ;
; ADC blocks                         ; 1 / 2 ( 50 % )                              ;
+------------------------------------+---------------------------------------------+


+-----------------------------------------+
; Flow Settings                           ;
+-------------------+---------------------+
; Option            ; Setting             ;
+-------------------+---------------------+
; Start date & time ; 12/03/2021 00:01:30 ;
; Main task         ; Compilation         ;
; Revision Name     ; Voltmeter           ;
+-------------------+---------------------+


+----------------------------------------------------------------------------------------------------------------------------------------------+
; Flow Non-Default Global Settings                                                                                                             ;
+--------------------------------------+------------------------------------------------------------+---------------+-------------+------------+
; Assignment Name                      ; Value                                                      ; Default Value ; Entity Name ; Section Id ;
+--------------------------------------+------------------------------------------------------------+---------------+-------------+------------+
; COMPILER_SIGNATURE_ID                ; 48710648803864.163851489008116                             ; --            ; --          ; --         ;
; FITTER_EFFORT                        ; Standard Fit                                               ; Auto Fit      ; --          ; --         ;
; MAX_CORE_JUNCTION_TEMP               ; 85                                                         ; --            ; --          ; --         ;
; MIN_CORE_JUNCTION_TEMP               ; 0                                                          ; --            ; --          ; --         ;
; MISC_FILE                            ; adc_qsys/synthesis/../adc_qsys.cmp                         ; --            ; --          ; --         ;
; MISC_FILE                            ; adc_qsys/synthesis/../../adc_qsys.qsys                     ; --            ; --          ; --         ;
; OPTIMIZATION_MODE                    ; High Performance Effort                                    ; Balanced      ; --          ; --         ;
; PARTITION_COLOR                      ; -- (Not supported for targeted family)                     ; --            ; --          ; Top        ;
; PARTITION_FITTER_PRESERVATION_LEVEL  ; -- (Not supported for targeted family)                     ; --            ; --          ; Top        ;
; PARTITION_NETLIST_TYPE               ; -- (Not supported for targeted family)                     ; --            ; --          ; Top        ;
; PHYSICAL_SYNTHESIS_COMBO_LOGIC       ; On                                                         ; Off           ; --          ; --         ;
; PHYSICAL_SYNTHESIS_REGISTER_RETIMING ; On                                                         ; Off           ; --          ; --         ;
; PLACEMENT_EFFORT_MULTIPLIER          ; 4.0                                                        ; 1.0           ; --          ; --         ;
; POWER_BOARD_THERMAL_MODEL            ; None (CONSERVATIVE)                                        ; --            ; --          ; --         ;
; POWER_PRESET_COOLING_SOLUTION        ; 23 MM HEAT SINK WITH 200 LFPM AIRFLOW                      ; --            ; --          ; --         ;
; PROJECT_OUTPUT_DIRECTORY             ; output_files                                               ; --            ; --          ; --         ;
; ROUTER_TIMING_OPTIMIZATION_LEVEL     ; MAXIMUM                                                    ; Normal        ; --          ; --         ;
; SLD_FILE                             ; adc_qsys/synthesis/adc_qsys.debuginfo                      ; --            ; --          ; --         ;
; SLD_INFO                             ; QSYS_NAME adc_qsys HAS_SOPCINFO 1 GENERATION_ID 1569444627 ; --            ; adc_qsys    ; --         ;
; SOPCINFO_FILE                        ; adc_qsys/synthesis/../../adc_qsys.sopcinfo                 ; --            ; --          ; --         ;
; SYNTHESIS_ONLY_QIP                   ; On                                                         ; --            ; --          ; --         ;
+--------------------------------------+------------------------------------------------------------+---------------+-------------+------------+


+--------------------------------------------------------------------------------------------------------------------------+
; Flow Elapsed Time                                                                                                        ;
+----------------------+--------------+-------------------------+---------------------+------------------------------------+
; Module Name          ; Elapsed Time ; Average Processors Used ; Peak Virtual Memory ; Total CPU Time (on all processors) ;
+----------------------+--------------+-------------------------+---------------------+------------------------------------+
; Analysis & Synthesis ; 00:00:58     ; 1.0                     ; 4942 MB             ; 00:01:10                           ;
; Fitter               ; 00:01:06     ; 1.3                     ; 5672 MB             ; 00:01:47                           ;
; Assembler            ; 00:00:03     ; 1.0                     ; 4699 MB             ; 00:00:03                           ;
; Timing Analyzer      ; 00:00:06     ; 1.6                     ; 4891 MB             ; 00:00:09                           ;
; Total                ; 00:02:13     ; --                      ; --                  ; 00:03:09                           ;
+----------------------+--------------+-------------------------+---------------------+------------------------------------+


+------------------------------------------------------------------------------------+
; Flow OS Summary                                                                    ;
+----------------------+------------------+------------+------------+----------------+
; Module Name          ; Machine Hostname ; OS Name    ; OS Version ; Processor type ;
+----------------------+------------------+------------+------------+----------------+
; Analysis & Synthesis ; DESKTOP-66V94J2  ; Windows 10 ; 10.0       ; x86_64         ;
; Fitter               ; DESKTOP-66V94J2  ; Windows 10 ; 10.0       ; x86_64         ;
; Assembler            ; DESKTOP-66V94J2  ; Windows 10 ; 10.0       ; x86_64         ;
; Timing Analyzer      ; DESKTOP-66V94J2  ; Windows 10 ; 10.0       ; x86_64         ;
+----------------------+------------------+------------+------------+----------------+


------------
; Flow Log ;
------------
quartus_map --read_settings_files=on --write_settings_files=off Lab4 -c Voltmeter
quartus_fit --read_settings_files=off --write_settings_files=off Lab4 -c Voltmeter
quartus_asm --read_settings_files=off --write_settings_files=off Lab4 -c Voltmeter
quartus_sta Lab4 -c Voltmeter



